<?xml version="1.0" encoding="utf-8" standalone="no"?>
<!--This file represents the results of running a test suite-->
<test-results name="D:\Project_MTC\MTCLibrary\MTCLibraryTest\bin\Release\MTCLibraryTest.dll" total="1" errors="0" failures="0" not-run="0" inconclusive="0" ignored="0" skipped="0" invalid="0" date="2014-04-14" time="17:47:11">
  <environment nunit-version="2.6.3.13283" clr-version="2.0.50727.3655" os-version="Microsoft Windows NT 5.1.2600 Service Pack 3" platform="Win32NT" cwd="C:\Program Files\NUnit 2.6.3\bin" machine-name="STS20090013" user="tsz0331" user-domain="SRLAD" />
  <culture-info current-culture="ja-JP" current-uiculture="ja-JP" />
  <test-suite type="Assembly" name="D:\Project_MTC\MTCLibrary\MTCLibraryTest\bin\Release\MTCLibraryTest.dll" executed="True" result="Success" success="True" time="0.300" asserts="0">
    <results>
      <test-suite type="Namespace" name="MTC" executed="True" result="Success" success="True" time="0.294" asserts="0">
        <results>
          <test-suite type="Namespace" name="MTCLibraryTest" executed="True" result="Success" success="True" time="0.294" asserts="0">
            <results>
              <test-suite type="TestFixture" name="ExcelWrapperTest" executed="True" result="Success" success="True" time="0.293" asserts="0">
                <results>
                  <test-case name="MTC.MTCLibraryTest.ExcelWrapperTest.Version_Test" executed="True" result="Success" success="True" time="0.289" asserts="1" />
                </results>
              </test-suite>
            </results>
          </test-suite>
        </results>
      </test-suite>
    </results>
  </test-suite>
</test-results>